{"level":"info","message":"Server running on port 5000","service":"daily-spending-app","timestamp":"2025-11-28 01:12:20"}
{"level":"info","message":"Server running on port 5000","service":"daily-spending-app","timestamp":"2025-11-28 01:13:21"}
{"level":"info","message":"Server running on port 5000","service":"daily-spending-app","timestamp":"2025-11-28 01:22:56"}
{"level":"info","message":"Server running on port 5000","service":"daily-spending-app","timestamp":"2025-11-28 01:23:49"}
{"level":"info","message":"Server running on port 5000","service":"daily-spending-app","timestamp":"2025-11-28 01:27:19"}
{"level":"info","message":"Server running on port 5000","service":"daily-spending-app","timestamp":"2025-11-28 01:29:55"}
{"level":"info","message":"Server running on port 5000","service":"daily-spending-app","timestamp":"2025-11-28 01:30:15"}
{"level":"info","message":"Server running on port 5000","service":"daily-spending-app","timestamp":"2025-11-28 01:32:25"}
{"level":"info","message":"Server running on port 5000","service":"daily-spending-app","timestamp":"2025-11-28 01:33:02"}
{"level":"info","message":"Server running on port 5000","service":"daily-spending-app","timestamp":"2025-11-28 01:37:33"}
{"level":"info","message":"Server running on port 5000","service":"daily-spending-app","timestamp":"2025-11-28 01:37:52"}
{"level":"info","message":"Server running on port 5000","service":"daily-spending-app","timestamp":"2025-11-28 01:38:01"}
{"level":"info","message":"Server running on port 5000","service":"daily-spending-app","timestamp":"2025-11-28 09:44:13"}
{"level":"info","message":"Server running on port 5000","service":"daily-spending-app","timestamp":"2025-11-28 09:45:38"}
{"level":"info","message":"Server running on port 5000","service":"daily-spending-app","timestamp":"2025-11-28 09:49:49"}
{"level":"info","message":"Server running on port 5000","service":"daily-spending-app","timestamp":"2025-11-28 09:51:19"}
{"level":"info","message":"Server running on port 5000","service":"daily-spending-app","timestamp":"2025-11-28 09:53:06"}
{"level":"info","message":"Server running on port 5000","service":"daily-spending-app","timestamp":"2025-11-28 09:53:53"}
{"level":"info","message":"Server running on port 5000","service":"daily-spending-app","timestamp":"2025-11-28 10:07:23"}
{"level":"info","message":"Server running on port 5000","service":"daily-spending-app","timestamp":"2025-11-28 11:47:06"}
{"level":"info","message":"Server running on port 5000","service":"daily-spending-app","timestamp":"2025-11-28 11:48:01"}
{"level":"info","message":"Server running on port 5000","service":"daily-spending-app","timestamp":"2025-11-28 11:58:56"}
{"level":"info","message":"Server running on port 5000","service":"daily-spending-app","timestamp":"2025-11-28 12:01:53"}
{"level":"info","message":"Server running on port 5000","service":"daily-spending-app","timestamp":"2025-11-28 12:11:58"}
{"level":"info","message":"::1 - - [28/Nov/2025:06:42:24 +0000] \"GET /health HTTP/1.1\" 404 61 \"-\" \"curl/8.14.1\"","service":"daily-spending-app","timestamp":"2025-11-28 12:12:24"}
{"level":"info","message":"::1 - - [28/Nov/2025:06:43:27 +0000] \"POST /api/auth/signup HTTP/1.1\" 500 520 \"-\" \"curl/8.14.1\"","service":"daily-spending-app","timestamp":"2025-11-28 12:13:27"}
{"level":"info","message":"::1 - - [28/Nov/2025:06:43:48 +0000] \"POST /api/auth/signup HTTP/1.1\" 500 520 \"-\" \"curl/8.14.1\"","service":"daily-spending-app","timestamp":"2025-11-28 12:13:48"}
{"level":"info","message":"::1 - - [28/Nov/2025:06:44:22 +0000] \"POST /api/auth/signup HTTP/1.1\" 201 281 \"-\" \"PostmanRuntime/7.49.1\"","service":"daily-spending-app","timestamp":"2025-11-28 12:14:22"}
{"level":"info","message":"::1 - - [28/Nov/2025:06:45:33 +0000] \"POST /api/auth/signup HTTP/1.1\" 201 271 \"-\" \"PostmanRuntime/7.49.1\"","service":"daily-spending-app","timestamp":"2025-11-28 12:15:33"}
{"level":"info","message":"::1 - - [28/Nov/2025:06:49:51 +0000] \"POST /api/auth/login HTTP/1.1\" 200 271 \"-\" \"PostmanRuntime/7.49.1\"","service":"daily-spending-app","timestamp":"2025-11-28 12:19:51"}
{"level":"info","message":"Server running on port 5000","service":"daily-spending-app","timestamp":"2025-11-28 12:21:18"}
{"level":"info","message":"::1 - - [28/Nov/2025:06:52:34 +0000] \"GET /api/auth/me HTTP/1.1\" 401 43 \"-\" \"PostmanRuntime/7.49.1\"","service":"daily-spending-app","timestamp":"2025-11-28 12:22:34"}
{"level":"info","message":"::1 - - [28/Nov/2025:06:52:57 +0000] \"GET /api/auth/me HTTP/1.1\" 401 43 \"-\" \"PostmanRuntime/7.49.1\"","service":"daily-spending-app","timestamp":"2025-11-28 12:22:57"}
{"level":"info","message":"::1 - - [28/Nov/2025:06:52:58 +0000] \"GET /api/auth/me HTTP/1.1\" 401 43 \"-\" \"PostmanRuntime/7.49.1\"","service":"daily-spending-app","timestamp":"2025-11-28 12:22:58"}
{"level":"info","message":"::1 - - [28/Nov/2025:06:53:50 +0000] \"POST /api/auth/login HTTP/1.1\" 200 271 \"-\" \"PostmanRuntime/7.49.1\"","service":"daily-spending-app","timestamp":"2025-11-28 12:23:50"}
{"level":"info","message":"::1 - - [28/Nov/2025:06:54:05 +0000] \"GET /api/auth/me HTTP/1.1\" 401 43 \"-\" \"PostmanRuntime/7.49.1\"","service":"daily-spending-app","timestamp":"2025-11-28 12:24:05"}
{"level":"info","message":"::1 - - [28/Nov/2025:06:54:40 +0000] \"POST /api/auth/login HTTP/1.1\" 200 271 \"-\" \"PostmanRuntime/7.49.1\"","service":"daily-spending-app","timestamp":"2025-11-28 12:24:40"}
{"level":"info","message":"::1 - - [28/Nov/2025:06:54:53 +0000] \"GET /api/auth/me HTTP/1.1\" 401 43 \"-\" \"PostmanRuntime/7.49.1\"","service":"daily-spending-app","timestamp":"2025-11-28 12:24:53"}
{"level":"info","message":"Server running on port 5000","service":"daily-spending-app","timestamp":"2025-11-28 12:31:43"}
{"level":"info","message":"Server running on port 5000","service":"daily-spending-app","timestamp":"2025-11-28 12:32:34"}
{"level":"info","message":"::1 - - [28/Nov/2025:07:03:10 +0000] \"GET /api/auth/me HTTP/1.1\" 401 43 \"-\" \"PostmanRuntime/7.49.1\"","service":"daily-spending-app","timestamp":"2025-11-28 12:33:10"}
{"level":"info","message":"::1 - - [28/Nov/2025:07:03:12 +0000] \"GET /api/auth/me HTTP/1.1\" 401 43 \"-\" \"PostmanRuntime/7.49.1\"","service":"daily-spending-app","timestamp":"2025-11-28 12:33:12"}
{"level":"info","message":"Server running on port 5000","service":"daily-spending-app","timestamp":"2025-11-28 13:40:07"}
{"level":"info","message":"::1 - - [28/Nov/2025:08:10:14 +0000] \"GET /api/auth/me HTTP/1.1\" 401 43 \"-\" \"PostmanRuntime/7.49.1\"","service":"daily-spending-app","timestamp":"2025-11-28 13:40:14"}
{"level":"info","message":"Server running on port 5000","service":"daily-spending-app","timestamp":"2025-11-28 13:42:29"}
{"level":"info","message":"::1 - - [28/Nov/2025:08:14:13 +0000] \"GET /api/auth/me HTTP/1.1\" 401 43 \"-\" \"PostmanRuntime/7.49.1\"","service":"daily-spending-app","timestamp":"2025-11-28 13:44:13"}
{"level":"info","message":"Server running on port 5000","service":"daily-spending-app","timestamp":"2025-11-28 13:45:22"}
{"level":"info","message":"::1 - - [28/Nov/2025:08:15:25 +0000] \"GET /api/auth/me HTTP/1.1\" 401 43 \"-\" \"PostmanRuntime/7.49.1\"","service":"daily-spending-app","timestamp":"2025-11-28 13:45:25"}
{"level":"info","message":"Server running on port 5000","service":"daily-spending-app","timestamp":"2025-11-28 13:46:27"}
{"level":"info","message":"Server running on port 5000","service":"daily-spending-app","timestamp":"2025-11-28 13:46:33"}
{"level":"info","message":"::1 - - [28/Nov/2025:08:16:50 +0000] \"GET /api/auth/me HTTP/1.1\" 401 43 \"-\" \"PostmanRuntime/7.49.1\"","service":"daily-spending-app","timestamp":"2025-11-28 13:46:50"}
{"level":"error","message":"Cannot set headers after they are sent to the client","service":"daily-spending-app","stack":"Error: Cannot set headers after they are sent to the client\n    at ServerResponse.setHeader (node:_http_outgoing:642:11)\n    at ServerResponse.header (C:\\Users\\theer\\dailyspending\\node_modules\\express\\lib\\response.js:684:10)\n    at ServerResponse.send (C:\\Users\\theer\\dailyspending\\node_modules\\express\\lib\\response.js:161:12)\n    at ServerResponse.json (C:\\Users\\theer\\dailyspending\\node_modules\\express\\lib\\response.js:250:15)\n    at login (C:\\Users\\theer\\dailyspending\\src\\controller\\authController.ts:83:21)","timestamp":"2025-11-28 13:48:50"}
{"level":"info","message":"::1 - - [28/Nov/2025:08:18:50 +0000] \"POST /api/auth/login HTTP/1.1\" 500 271 \"-\" \"PostmanRuntime/7.49.1\"","service":"daily-spending-app","timestamp":"2025-11-28 13:48:50"}
{"level":"info","message":"::1 - - [28/Nov/2025:08:19:04 +0000] \"GET /api/auth/me HTTP/1.1\" 401 43 \"-\" \"PostmanRuntime/7.49.1\"","service":"daily-spending-app","timestamp":"2025-11-28 13:49:04"}
{"level":"info","message":"Server running on port 5000","service":"daily-spending-app","timestamp":"2025-11-28 14:11:17"}
{"level":"error","message":"Cannot set headers after they are sent to the client","service":"daily-spending-app","stack":"Error: Cannot set headers after they are sent to the client\n    at ServerResponse.setHeader (node:_http_outgoing:642:11)\n    at ServerResponse.header (C:\\Users\\theer\\dailyspending\\node_modules\\express\\lib\\response.js:684:10)\n    at ServerResponse.send (C:\\Users\\theer\\dailyspending\\node_modules\\express\\lib\\response.js:161:12)\n    at ServerResponse.json (C:\\Users\\theer\\dailyspending\\node_modules\\express\\lib\\response.js:250:15)\n    at login (C:\\Users\\theer\\dailyspending\\src\\controller\\authController.ts:83:21)","timestamp":"2025-11-28 14:11:29"}
{"level":"info","message":"::1 - - [28/Nov/2025:08:41:29 +0000] \"POST /api/auth/login HTTP/1.1\" 500 271 \"-\" \"PostmanRuntime/7.49.1\"","service":"daily-spending-app","timestamp":"2025-11-28 14:11:29"}
{"level":"info","message":"::1 - - [28/Nov/2025:08:41:41 +0000] \"GET /api/auth/me HTTP/1.1\" 401 43 \"-\" \"PostmanRuntime/7.49.1\"","service":"daily-spending-app","timestamp":"2025-11-28 14:11:41"}
{"level":"info","message":"Server running on port 5000","service":"daily-spending-app","timestamp":"2025-11-28 14:13:37"}
{"level":"error","message":"Cannot set headers after they are sent to the client","service":"daily-spending-app","stack":"Error: Cannot set headers after they are sent to the client\n    at ServerResponse.setHeader (node:_http_outgoing:642:11)\n    at ServerResponse.header (C:\\Users\\theer\\dailyspending\\node_modules\\express\\lib\\response.js:684:10)\n    at ServerResponse.send (C:\\Users\\theer\\dailyspending\\node_modules\\express\\lib\\response.js:161:12)\n    at ServerResponse.json (C:\\Users\\theer\\dailyspending\\node_modules\\express\\lib\\response.js:250:15)\n    at login (C:\\Users\\theer\\dailyspending\\src\\controller\\authController.ts:83:21)","timestamp":"2025-11-28 14:14:04"}
{"level":"info","message":"::1 - - [28/Nov/2025:08:44:04 +0000] \"POST /api/auth/login HTTP/1.1\" 500 271 \"-\" \"PostmanRuntime/7.49.1\"","service":"daily-spending-app","timestamp":"2025-11-28 14:14:04"}
{"level":"info","message":"::1 - - [28/Nov/2025:08:44:18 +0000] \"GET /api/auth/me HTTP/1.1\" 401 43 \"-\" \"PostmanRuntime/7.49.1\"","service":"daily-spending-app","timestamp":"2025-11-28 14:14:18"}
{"level":"info","message":"Server running on port 5000","service":"daily-spending-app","timestamp":"2025-11-28 14:16:26"}
{"level":"error","message":"Cannot set headers after they are sent to the client","service":"daily-spending-app","stack":"Error: Cannot set headers after they are sent to the client\n    at ServerResponse.setHeader (node:_http_outgoing:642:11)\n    at ServerResponse.header (C:\\Users\\theer\\dailyspending\\node_modules\\express\\lib\\response.js:684:10)\n    at ServerResponse.send (C:\\Users\\theer\\dailyspending\\node_modules\\express\\lib\\response.js:161:12)\n    at ServerResponse.json (C:\\Users\\theer\\dailyspending\\node_modules\\express\\lib\\response.js:250:15)\n    at login (C:\\Users\\theer\\dailyspending\\src\\controller\\authController.ts:83:21)","timestamp":"2025-11-28 14:16:34"}
{"level":"info","message":"::1 - - [28/Nov/2025:08:46:34 +0000] \"POST /api/auth/login HTTP/1.1\" 500 271 \"-\" \"PostmanRuntime/7.49.1\"","service":"daily-spending-app","timestamp":"2025-11-28 14:16:34"}
{"level":"info","message":"::1 - - [28/Nov/2025:08:46:56 +0000] \"GET /api/auth/me HTTP/1.1\" 401 43 \"-\" \"PostmanRuntime/7.49.1\"","service":"daily-spending-app","timestamp":"2025-11-28 14:16:56"}
{"level":"info","message":"::1 - - [28/Nov/2025:09:12:26 +0000] \"GET /api/auth/me HTTP/1.1\" 401 43 \"-\" \"PostmanRuntime/7.49.1\"","service":"daily-spending-app","timestamp":"2025-11-28 14:42:26"}
{"level":"info","message":"Server running on port 5000","service":"daily-spending-app","timestamp":"2025-11-28 18:34:13"}
{"level":"info","message":"::1 - - [28/Nov/2025:13:05:01 +0000] \"POST /api/auth/login HTTP/1.1\" 200 271 \"-\" \"PostmanRuntime/7.49.1\"","service":"daily-spending-app","timestamp":"2025-11-28 18:35:01"}
{"level":"info","message":"::1 - - [28/Nov/2025:13:05:21 +0000] \"GET /api/auth/me HTTP/1.1\" 200 97 \"-\" \"PostmanRuntime/7.49.1\"","service":"daily-spending-app","timestamp":"2025-11-28 18:35:21"}
{"level":"info","message":"::1 - - [28/Nov/2025:13:07:21 +0000] \"POST /api/expenses HTTP/1.1\" 500 656 \"-\" \"PostmanRuntime/7.49.1\"","service":"daily-spending-app","timestamp":"2025-11-28 18:37:21"}
{"level":"info","message":"::1 - - [28/Nov/2025:13:14:27 +0000] \"POST /api/family HTTP/1.1\" 201 135 \"-\" \"PostmanRuntime/7.49.1\"","service":"daily-spending-app","timestamp":"2025-11-28 18:44:27"}
{"level":"info","message":"::1 - - [28/Nov/2025:13:14:57 +0000] \"POST /api/auth/signup HTTP/1.1\" 400 33 \"-\" \"PostmanRuntime/7.49.1\"","service":"daily-spending-app","timestamp":"2025-11-28 18:44:57"}
{"level":"info","message":"::1 - - [28/Nov/2025:13:15:12 +0000] \"POST /api/auth/signup HTTP/1.1\" 201 279 \"-\" \"PostmanRuntime/7.49.1\"","service":"daily-spending-app","timestamp":"2025-11-28 18:45:12"}
{"level":"info","message":"::1 - - [28/Nov/2025:13:17:13 +0000] \"POST /api/family/add-member HTTP/1.1\" 401 47 \"-\" \"PostmanRuntime/7.49.1\"","service":"daily-spending-app","timestamp":"2025-11-28 18:47:13"}
{"level":"info","message":"::1 - - [28/Nov/2025:13:17:24 +0000] \"POST /api/family/add-member HTTP/1.1\" 500 347 \"-\" \"PostmanRuntime/7.49.1\"","service":"daily-spending-app","timestamp":"2025-11-28 18:47:24"}
{"level":"error","message":"Expected ',' or '}' after property value in JSON at position 22 (line 3 column 18)","service":"daily-spending-app","stack":"SyntaxError: Expected ',' or '}' after property value in JSON at position 22 (line 3 column 18)\n    at JSON.parse (<anonymous>)\n    at parse (C:\\Users\\theer\\dailyspending\\node_modules\\body-parser\\lib\\types\\json.js:74:19)\n    at C:\\Users\\theer\\dailyspending\\node_modules\\body-parser\\lib\\read.js:163:18\n    at AsyncResource.runInAsyncScope (node:async_hooks:214:14)\n    at invokeCallback (C:\\Users\\theer\\dailyspending\\node_modules\\raw-body\\index.js:238:16)\n    at done (C:\\Users\\theer\\dailyspending\\node_modules\\raw-body\\index.js:227:7)\n    at IncomingMessage.onEnd (C:\\Users\\theer\\dailyspending\\node_modules\\raw-body\\index.js:287:7)\n    at IncomingMessage.emit (node:events:508:28)\n    at IncomingMessage.emit (node:domain:489:12)\n    at endReadableNT (node:internal/streams/readable:1701:12)","timestamp":"2025-11-28 18:47:36"}
{"level":"error","message":"Expected ',' or '}' after property value in JSON at position 22 (line 3 column 18)","service":"daily-spending-app","stack":"SyntaxError: Expected ',' or '}' after property value in JSON at position 22 (line 3 column 18)\n    at JSON.parse (<anonymous>)\n    at parse (C:\\Users\\theer\\dailyspending\\node_modules\\body-parser\\lib\\types\\json.js:74:19)\n    at C:\\Users\\theer\\dailyspending\\node_modules\\body-parser\\lib\\read.js:163:18\n    at AsyncResource.runInAsyncScope (node:async_hooks:214:14)\n    at invokeCallback (C:\\Users\\theer\\dailyspending\\node_modules\\raw-body\\index.js:238:16)\n    at done (C:\\Users\\theer\\dailyspending\\node_modules\\raw-body\\index.js:227:7)\n    at IncomingMessage.onEnd (C:\\Users\\theer\\dailyspending\\node_modules\\raw-body\\index.js:287:7)\n    at IncomingMessage.emit (node:events:508:28)\n    at IncomingMessage.emit (node:domain:489:12)\n    at endReadableNT (node:internal/streams/readable:1701:12)","timestamp":"2025-11-28 18:47:50"}
{"level":"error","message":"Expected ',' or '}' after property value in JSON at position 20 (line 2 column 18)","service":"daily-spending-app","stack":"SyntaxError: Expected ',' or '}' after property value in JSON at position 20 (line 2 column 18)\n    at JSON.parse (<anonymous>)\n    at parse (C:\\Users\\theer\\dailyspending\\node_modules\\body-parser\\lib\\types\\json.js:74:19)\n    at C:\\Users\\theer\\dailyspending\\node_modules\\body-parser\\lib\\read.js:163:18\n    at AsyncResource.runInAsyncScope (node:async_hooks:214:14)\n    at invokeCallback (C:\\Users\\theer\\dailyspending\\node_modules\\raw-body\\index.js:238:16)\n    at done (C:\\Users\\theer\\dailyspending\\node_modules\\raw-body\\index.js:227:7)\n    at IncomingMessage.onEnd (C:\\Users\\theer\\dailyspending\\node_modules\\raw-body\\index.js:287:7)\n    at IncomingMessage.emit (node:events:508:28)\n    at IncomingMessage.emit (node:domain:489:12)\n    at endReadableNT (node:internal/streams/readable:1701:12)","timestamp":"2025-11-28 18:48:31"}
{"level":"info","message":"Server running on port 5000","service":"daily-spending-app","timestamp":"2025-11-28 18:54:26"}
{"level":"info","message":"::1 - - [28/Nov/2025:13:24:56 +0000] \"POST /api/family/add-member HTTP/1.1\" 200 211 \"-\" \"PostmanRuntime/7.49.1\"","service":"daily-spending-app","timestamp":"2025-11-28 18:54:56"}
{"level":"info","message":"::1 - - [28/Nov/2025:13:26:15 +0000] \"POST /api/family HTTP/1.1\" 500 46 \"-\" \"PostmanRuntime/7.49.1\"","service":"daily-spending-app","timestamp":"2025-11-28 18:56:15"}
{"level":"info","message":"::1 - - [28/Nov/2025:13:26:22 +0000] \"GET /api/family HTTP/1.1\" 200 386 \"-\" \"PostmanRuntime/7.49.1\"","service":"daily-spending-app","timestamp":"2025-11-28 18:56:22"}
{"level":"info","message":"::1 - - [28/Nov/2025:13:29:00 +0000] \"POST /api/expenses HTTP/1.1\" 500 424 \"-\" \"PostmanRuntime/7.49.1\"","service":"daily-spending-app","timestamp":"2025-11-28 18:59:00"}
{"level":"info","message":"::1 - - [28/Nov/2025:13:29:02 +0000] \"POST /api/expenses HTTP/1.1\" 500 424 \"-\" \"PostmanRuntime/7.49.1\"","service":"daily-spending-app","timestamp":"2025-11-28 18:59:02"}
{"level":"info","message":"::1 - - [28/Nov/2025:13:31:23 +0000] \"POST /api/expenses HTTP/1.1\" 201 402 \"-\" \"PostmanRuntime/7.49.1\"","service":"daily-spending-app","timestamp":"2025-11-28 19:01:23"}
{"level":"info","message":"Server running on port 5000","service":"daily-spending-app","timestamp":"2025-11-28 19:18:03"}
{"level":"info","message":"Server running on port 5000","service":"daily-spending-app","timestamp":"2025-11-28 19:21:49"}
{"level":"info","message":"Server running on port 5000","service":"daily-spending-app","timestamp":"2025-11-28 19:22:32"}
{"level":"info","message":"Server running on port 5000","service":"daily-spending-app","timestamp":"2025-11-28 19:24:41"}
{"level":"info","message":"Server running on port 5000","service":"daily-spending-app","timestamp":"2025-11-28 19:29:35"}
{"level":"info","message":"Server running on port 5000","service":"daily-spending-app","timestamp":"2025-11-28 19:33:37"}
{"level":"info","message":"::1 - - [28/Nov/2025:14:10:51 +0000] \"POST /api/expenses HTTP/1.1\" 201 570 \"-\" \"PostmanRuntime/7.49.1\"","service":"daily-spending-app","timestamp":"2025-11-28 19:40:51"}
{"level":"info","message":"::1 - - [28/Nov/2025:14:15:12 +0000] \"POST /api/budgets HTTP/1.1\" 201 150 \"-\" \"PostmanRuntime/7.49.1\"","service":"daily-spending-app","timestamp":"2025-11-28 19:45:12"}
{"level":"info","message":"::1 - - [28/Nov/2025:14:18:47 +0000] \"POST /api/notifications HTTP/1.1\" 404 73 \"-\" \"PostmanRuntime/7.49.1\"","service":"daily-spending-app","timestamp":"2025-11-28 19:48:47"}
{"level":"info","message":"::1 - - [28/Nov/2025:14:22:49 +0000] \"POST /api/auth/signup HTTP/1.1\" 201 285 \"-\" \"PostmanRuntime/7.49.1\"","service":"daily-spending-app","timestamp":"2025-11-28 19:52:49"}
{"level":"info","message":"::1 - - [28/Nov/2025:14:23:07 +0000] \"POST /api/auth/login HTTP/1.1\" 200 285 \"-\" \"PostmanRuntime/7.49.1\"","service":"daily-spending-app","timestamp":"2025-11-28 19:53:07"}
{"level":"info","message":"::1 - - [28/Nov/2025:14:23:34 +0000] \"POST /api/expenses HTTP/1.1\" 500 389 \"-\" \"PostmanRuntime/7.49.1\"","service":"daily-spending-app","timestamp":"2025-11-28 19:53:34"}
{"level":"info","message":"::1 - - [28/Nov/2025:14:24:12 +0000] \"POST /api/expenses HTTP/1.1\" 500 389 \"-\" \"PostmanRuntime/7.49.1\"","service":"daily-spending-app","timestamp":"2025-11-28 19:54:12"}
{"level":"info","message":"::1 - - [28/Nov/2025:14:24:25 +0000] \"POST /api/family/add-member HTTP/1.1\" 200 238 \"-\" \"PostmanRuntime/7.49.1\"","service":"daily-spending-app","timestamp":"2025-11-28 19:54:25"}
{"level":"info","message":"::1 - - [28/Nov/2025:14:25:01 +0000] \"POST /api/expenses HTTP/1.1\" 201 565 \"-\" \"PostmanRuntime/7.49.1\"","service":"daily-spending-app","timestamp":"2025-11-28 19:55:01"}
{"level":"info","message":"::1 - - [28/Nov/2025:14:27:05 +0000] \"GET /api/family HTTP/1.1\" 200 534 \"-\" \"PostmanRuntime/7.49.1\"","service":"daily-spending-app","timestamp":"2025-11-28 19:57:05"}
{"level":"info","message":"::1 - - [28/Nov/2025:14:28:05 +0000] \"POST /api/auth/login HTTP/1.1\" 401 33 \"-\" \"PostmanRuntime/7.49.1\"","service":"daily-spending-app","timestamp":"2025-11-28 19:58:05"}
{"level":"info","message":"::1 - - [28/Nov/2025:14:30:57 +0000] \"POST /api/auth/login HTTP/1.1\" 401 33 \"-\" \"PostmanRuntime/7.49.1\"","service":"daily-spending-app","timestamp":"2025-11-28 20:00:57"}
{"level":"info","message":"::1 - - [28/Nov/2025:14:34:06 +0000] \"POST /api/auth/signup HTTP/1.1\" 201 271 \"-\" \"PostmanRuntime/7.49.1\"","service":"daily-spending-app","timestamp":"2025-11-28 20:04:06"}
{"level":"info","message":"::1 - - [28/Nov/2025:14:34:25 +0000] \"GET /api/notifications HTTP/1.1\" 200 2 \"-\" \"PostmanRuntime/7.49.1\"","service":"daily-spending-app","timestamp":"2025-11-28 20:04:25"}
{"level":"info","message":"::1 - - [28/Nov/2025:14:34:26 +0000] \"GET /api/notifications HTTP/1.1\" 200 2 \"-\" \"PostmanRuntime/7.49.1\"","service":"daily-spending-app","timestamp":"2025-11-28 20:04:26"}
{"level":"info","message":"::1 - - [28/Nov/2025:14:34:44 +0000] \"POST /api/expenses HTTP/1.1\" 201 567 \"-\" \"PostmanRuntime/7.49.1\"","service":"daily-spending-app","timestamp":"2025-11-28 20:04:44"}
{"level":"info","message":"::1 - - [28/Nov/2025:14:34:56 +0000] \"GET /api/notifications HTTP/1.1\" 200 2 \"-\" \"PostmanRuntime/7.49.1\"","service":"daily-spending-app","timestamp":"2025-11-28 20:04:56"}
{"level":"info","message":"Server running on port 5000","service":"daily-spending-app","timestamp":"2025-11-28 20:30:35"}
{"level":"info","message":"Server running on port 5000","service":"daily-spending-app","timestamp":"2025-11-28 20:30:57"}
{"level":"info","message":"Server running on port 5000","service":"daily-spending-app","timestamp":"2025-11-28 20:31:40"}
{"level":"info","message":"::1 - - [28/Nov/2025:15:04:18 +0000] \"POST /api/expenses HTTP/1.1\" 201 586 \"-\" \"PostmanRuntime/7.49.1\"","service":"daily-spending-app","timestamp":"2025-11-28 20:34:18"}
{"level":"info","message":"::1 - - [28/Nov/2025:15:04:48 +0000] \"GET /api/notifications HTTP/1.1\" 200 2 \"-\" \"PostmanRuntime/7.49.1\"","service":"daily-spending-app","timestamp":"2025-11-28 20:34:48"}
{"level":"info","message":"::1 - - [28/Nov/2025:15:04:50 +0000] \"GET /api/notifications HTTP/1.1\" 200 2 \"-\" \"PostmanRuntime/7.49.1\"","service":"daily-spending-app","timestamp":"2025-11-28 20:34:50"}
{"level":"info","message":"::1 - - [28/Nov/2025:15:10:49 +0000] \"POST /api/auth/login HTTP/1.1\" 200 271 \"-\" \"PostmanRuntime/7.49.1\"","service":"daily-spending-app","timestamp":"2025-11-28 20:40:49"}
{"level":"info","message":"::1 - - [28/Nov/2025:15:11:15 +0000] \"GET /api/notifications HTTP/1.1\" 200 2 \"-\" \"PostmanRuntime/7.49.1\"","service":"daily-spending-app","timestamp":"2025-11-28 20:41:15"}
{"level":"info","message":"::1 - - [28/Nov/2025:15:11:16 +0000] \"GET /api/notifications HTTP/1.1\" 200 2 \"-\" \"PostmanRuntime/7.49.1\"","service":"daily-spending-app","timestamp":"2025-11-28 20:41:16"}
{"level":"info","message":"Server running on port 5000","service":"daily-spending-app","timestamp":"2025-11-28 20:47:33"}
{"level":"info","message":"Server running on port 5000","service":"daily-spending-app","timestamp":"2025-11-28 20:49:49"}
{"level":"info","message":"::1 - - [28/Nov/2025:15:20:48 +0000] \"POST /api/expenses HTTP/1.1\" 201 586 \"-\" \"PostmanRuntime/7.49.1\"","service":"daily-spending-app","timestamp":"2025-11-28 20:50:48"}
{"level":"info","message":"::1 - - [28/Nov/2025:15:20:53 +0000] \"GET /api/notifications HTTP/1.1\" 200 2 \"-\" \"PostmanRuntime/7.49.1\"","service":"daily-spending-app","timestamp":"2025-11-28 20:50:53"}
{"level":"info","message":"::1 - - [28/Nov/2025:15:20:54 +0000] \"GET /api/notifications HTTP/1.1\" 200 2 \"-\" \"PostmanRuntime/7.49.1\"","service":"daily-spending-app","timestamp":"2025-11-28 20:50:54"}
{"level":"info","message":"::1 - - [28/Nov/2025:15:21:01 +0000] \"POST /api/auth/login HTTP/1.1\" 200 271 \"-\" \"PostmanRuntime/7.49.1\"","service":"daily-spending-app","timestamp":"2025-11-28 20:51:01"}
{"level":"info","message":"::1 - - [28/Nov/2025:15:21:15 +0000] \"GET /api/notifications HTTP/1.1\" 200 2 \"-\" \"PostmanRuntime/7.49.1\"","service":"daily-spending-app","timestamp":"2025-11-28 20:51:15"}
{"level":"info","message":"Server running on port 5000","service":"daily-spending-app","timestamp":"2025-11-28 20:54:32"}
{"level":"info","message":"::1 - - [28/Nov/2025:15:24:40 +0000] \"POST /api/auth/signup HTTP/1.1\" 201 271 \"-\" \"PostmanRuntime/7.49.1\"","service":"daily-spending-app","timestamp":"2025-11-28 20:54:40"}
{"level":"info","message":"::1 - - [28/Nov/2025:15:24:52 +0000] \"POST /api/auth/login HTTP/1.1\" 200 271 \"-\" \"PostmanRuntime/7.49.1\"","service":"daily-spending-app","timestamp":"2025-11-28 20:54:52"}
{"level":"info","message":"::1 - - [28/Nov/2025:15:25:04 +0000] \"POST /api/family HTTP/1.1\" 401 44 \"-\" \"PostmanRuntime/7.49.1\"","service":"daily-spending-app","timestamp":"2025-11-28 20:55:04"}
{"level":"info","message":"::1 - - [28/Nov/2025:15:25:13 +0000] \"POST /api/family HTTP/1.1\" 201 135 \"-\" \"PostmanRuntime/7.49.1\"","service":"daily-spending-app","timestamp":"2025-11-28 20:55:13"}
{"level":"info","message":"::1 - - [28/Nov/2025:15:25:53 +0000] \"POST /api/auth/signup HTTP/1.1\" 201 279 \"-\" \"PostmanRuntime/7.49.1\"","service":"daily-spending-app","timestamp":"2025-11-28 20:55:53"}
{"level":"info","message":"::1 - - [28/Nov/2025:15:27:01 +0000] \"POST /api/family/add-member HTTP/1.1\" 200 211 \"-\" \"PostmanRuntime/7.49.1\"","service":"daily-spending-app","timestamp":"2025-11-28 20:57:01"}
{"level":"info","message":"::1 - - [28/Nov/2025:15:28:47 +0000] \"POST /api/expenses HTTP/1.1\" 201 589 \"-\" \"PostmanRuntime/7.49.1\"","service":"daily-spending-app","timestamp":"2025-11-28 20:58:47"}
{"level":"info","message":"::1 - - [28/Nov/2025:15:29:15 +0000] \"POST /api/budgets HTTP/1.1\" 201 150 \"-\" \"PostmanRuntime/7.49.1\"","service":"daily-spending-app","timestamp":"2025-11-28 20:59:15"}
{"level":"info","message":"::1 - - [28/Nov/2025:15:29:25 +0000] \"GET /api/notifications HTTP/1.1\" 200 571 \"-\" \"PostmanRuntime/7.49.1\"","service":"daily-spending-app","timestamp":"2025-11-28 20:59:25"}
{"level":"info","message":"Server running on port 5000","service":"daily-spending-app","timestamp":"2025-11-28 21:12:56"}
{"level":"info","message":"::1 - - [28/Nov/2025:15:54:00 +0000] \"POST /api/voice HTTP/1.1\" 404 65 \"-\" \"PostmanRuntime/7.49.1\"","service":"daily-spending-app","timestamp":"2025-11-28 21:24:00"}
{"level":"info","message":"::1 - - [28/Nov/2025:15:54:33 +0000] \"POST /api/voice/log HTTP/1.1\" 500 55 \"-\" \"PostmanRuntime/7.49.1\"","service":"daily-spending-app","timestamp":"2025-11-28 21:24:33"}
{"level":"info","message":"Server running on port 5000","service":"daily-spending-app","timestamp":"2025-11-28 21:36:59"}
{"level":"info","message":"Server running on port 5000","service":"daily-spending-app","timestamp":"2025-11-28 21:38:37"}
{"error":"Cannot read properties of undefined (reading 'audio')","errorName":"TypeError","familyId":"6929bed9733eb06601af1987","level":"error","message":"Voice expense logging failed","service":"daily-spending-app","stack":"TypeError: Cannot read properties of undefined (reading 'audio')\n    at logExpenseByVoice (C:\\Users\\theer\\dailyspending\\src\\controller\\voiceController.ts:23:19)\n    at Layer.handleRequest (C:\\Users\\theer\\dailyspending\\node_modules\\router\\lib\\layer.js:152:17)\n    at next (C:\\Users\\theer\\dailyspending\\node_modules\\router\\lib\\route.js:157:13)\n    at protect (C:\\Users\\theer\\dailyspending\\src\\middleware\\authMiddleware.ts:27:5)\n    at processTicksAndRejections (node:internal/process/task_queues:105:5)","timestamp":"2025-11-28 21:40:01","userId":"6929bf01733eb06601af198b"}
{"level":"info","message":"::1 - - [28/Nov/2025:16:10:01 +0000] \"POST /api/voice/log HTTP/1.1\" 500 108 \"-\" \"PostmanRuntime/7.49.1\"","service":"daily-spending-app","timestamp":"2025-11-28 21:40:01"}
{"level":"info","message":"Server running on port 5000","service":"daily-spending-app","timestamp":"2025-11-28 22:05:34"}
